CRITICAL - 2024-12-28 00:29:51 --> ErrorException: Trying to access array offset on value of type null
[Method: GET, Route: user/delete/%201]
in APPPATH/Views/user/show.php on line 16.
 1 APPPATH/Views/user/show.php(16): CodeIgniter\Debug\Exceptions->errorHandler(2, 'Trying to access array offset on value of type null', '/opt/lampp/htdocs/daisy/admin/app/Views/user/show.php', 16)
 2 SYSTEMPATH/View/View.php(234): include('/opt/lampp/htdocs/daisy/admin/app/Views/user/show.php')
 3 SYSTEMPATH/View/View.php(237): CodeIgniter\View\View->CodeIgniter\View\{closure}()
 4 SYSTEMPATH/Common.php(1171): CodeIgniter\View\View->render('user/show', [], true)
 5 APPPATH/Controllers/UserController.php(25): view('user/show', [...])
 6 SYSTEMPATH/CodeIgniter.php(933): App\Controllers\UserController->show('delete', ' 1')
 7 SYSTEMPATH/CodeIgniter.php(509): CodeIgniter\CodeIgniter->runController(Object(App\Controllers\UserController))
 8 SYSTEMPATH/CodeIgniter.php(355): CodeIgniter\CodeIgniter->handleRequest(null, Object(Config\Cache), false)
 9 SYSTEMPATH/Boot.php(325): CodeIgniter\CodeIgniter->run()
10 SYSTEMPATH/Boot.php(67): CodeIgniter\Boot::runCodeIgniter(Object(CodeIgniter\CodeIgniter))
11 FCPATH/index.php(56): CodeIgniter\Boot::bootWeb(Object(Config\Paths))
CRITICAL - 2024-12-28 00:32:39 --> Error: Call to undefined method CodeIgniter\View\View::view()
[Method: GET, Route: user]
in APPPATH/Views/user/index.php on line 8.
 1 SYSTEMPATH/View/View.php(234): include()
 2 SYSTEMPATH/View/View.php(237): CodeIgniter\View\View->CodeIgniter\View\{closure}()
 3 SYSTEMPATH/Common.php(1171): CodeIgniter\View\View->render('user/index', [], true)
 4 APPPATH/Controllers/UserController.php(18): view('user/index', [...])
 5 SYSTEMPATH/CodeIgniter.php(933): App\Controllers\UserController->index()
 6 SYSTEMPATH/CodeIgniter.php(509): CodeIgniter\CodeIgniter->runController(Object(App\Controllers\UserController))
 7 SYSTEMPATH/CodeIgniter.php(355): CodeIgniter\CodeIgniter->handleRequest(null, Object(Config\Cache), false)
 8 SYSTEMPATH/Boot.php(325): CodeIgniter\CodeIgniter->run()
 9 SYSTEMPATH/Boot.php(67): CodeIgniter\Boot::runCodeIgniter(Object(CodeIgniter\CodeIgniter))
10 FCPATH/index.php(56): CodeIgniter\Boot::bootWeb(Object(Config\Paths))
CRITICAL - 2024-12-28 00:32:56 --> Error: Call to undefined method CodeIgniter\View\View::View()
[Method: GET, Route: user]
in APPPATH/Views/user/index.php on line 8.
 1 SYSTEMPATH/View/View.php(234): include()
 2 SYSTEMPATH/View/View.php(237): CodeIgniter\View\View->CodeIgniter\View\{closure}()
 3 SYSTEMPATH/Common.php(1171): CodeIgniter\View\View->render('user/index', [], true)
 4 APPPATH/Controllers/UserController.php(18): view('user/index', [...])
 5 SYSTEMPATH/CodeIgniter.php(933): App\Controllers\UserController->index()
 6 SYSTEMPATH/CodeIgniter.php(509): CodeIgniter\CodeIgniter->runController(Object(App\Controllers\UserController))
 7 SYSTEMPATH/CodeIgniter.php(355): CodeIgniter\CodeIgniter->handleRequest(null, Object(Config\Cache), false)
 8 SYSTEMPATH/Boot.php(325): CodeIgniter\CodeIgniter->run()
 9 SYSTEMPATH/Boot.php(67): CodeIgniter\Boot::runCodeIgniter(Object(CodeIgniter\CodeIgniter))
10 FCPATH/index.php(56): CodeIgniter\Boot::bootWeb(Object(Config\Paths))
CRITICAL - 2024-12-28 00:33:22 --> ErrorException: Trying to access array offset on value of type null
[Method: GET, Route: user/delete/%203]
in APPPATH/Views/user/show.php on line 16.
 1 APPPATH/Views/user/show.php(16): CodeIgniter\Debug\Exceptions->errorHandler(2, 'Trying to access array offset on value of type null', '/opt/lampp/htdocs/daisy/admin/app/Views/user/show.php', 16)
 2 SYSTEMPATH/View/View.php(234): include('/opt/lampp/htdocs/daisy/admin/app/Views/user/show.php')
 3 SYSTEMPATH/View/View.php(237): CodeIgniter\View\View->CodeIgniter\View\{closure}()
 4 SYSTEMPATH/Common.php(1171): CodeIgniter\View\View->render('user/show', [], true)
 5 APPPATH/Controllers/UserController.php(25): view('user/show', [...])
 6 SYSTEMPATH/CodeIgniter.php(933): App\Controllers\UserController->show('delete', ' 3')
 7 SYSTEMPATH/CodeIgniter.php(509): CodeIgniter\CodeIgniter->runController(Object(App\Controllers\UserController))
 8 SYSTEMPATH/CodeIgniter.php(355): CodeIgniter\CodeIgniter->handleRequest(null, Object(Config\Cache), false)
 9 SYSTEMPATH/Boot.php(325): CodeIgniter\CodeIgniter->run()
10 SYSTEMPATH/Boot.php(67): CodeIgniter\Boot::runCodeIgniter(Object(CodeIgniter\CodeIgniter))
11 FCPATH/index.php(56): CodeIgniter\Boot::bootWeb(Object(Config\Paths))
CRITICAL - 2024-12-28 00:34:11 --> ErrorException: Trying to access array offset on value of type null
[Method: GET, Route: user/delete/%203]
in APPPATH/Views/user/show.php on line 16.
 1 APPPATH/Views/user/show.php(16): CodeIgniter\Debug\Exceptions->errorHandler(2, 'Trying to access array offset on value of type null', '/opt/lampp/htdocs/daisy/admin/app/Views/user/show.php', 16)
 2 SYSTEMPATH/View/View.php(234): include('/opt/lampp/htdocs/daisy/admin/app/Views/user/show.php')
 3 SYSTEMPATH/View/View.php(237): CodeIgniter\View\View->CodeIgniter\View\{closure}()
 4 SYSTEMPATH/Common.php(1171): CodeIgniter\View\View->render('user/show', [], true)
 5 APPPATH/Controllers/UserController.php(25): view('user/show', [...])
 6 SYSTEMPATH/CodeIgniter.php(933): App\Controllers\UserController->show('delete', ' 3')
 7 SYSTEMPATH/CodeIgniter.php(509): CodeIgniter\CodeIgniter->runController(Object(App\Controllers\UserController))
 8 SYSTEMPATH/CodeIgniter.php(355): CodeIgniter\CodeIgniter->handleRequest(null, Object(Config\Cache), false)
 9 SYSTEMPATH/Boot.php(325): CodeIgniter\CodeIgniter->run()
10 SYSTEMPATH/Boot.php(67): CodeIgniter\Boot::runCodeIgniter(Object(CodeIgniter\CodeIgniter))
11 FCPATH/index.php(56): CodeIgniter\Boot::bootWeb(Object(Config\Paths))
CRITICAL - 2024-12-28 00:34:49 --> Error: Call to a member function delete() on array
[Method: GET, Route: user/delete/%202]
in APPPATH/Controllers/UserController.php on line 63.
 1 SYSTEMPATH/CodeIgniter.php(933): App\Controllers\UserController->delete(' 2')
 2 SYSTEMPATH/CodeIgniter.php(509): CodeIgniter\CodeIgniter->runController(Object(App\Controllers\UserController))
 3 SYSTEMPATH/CodeIgniter.php(355): CodeIgniter\CodeIgniter->handleRequest(null, Object(Config\Cache), false)
 4 SYSTEMPATH/Boot.php(325): CodeIgniter\CodeIgniter->run()
 5 SYSTEMPATH/Boot.php(67): CodeIgniter\Boot::runCodeIgniter(Object(CodeIgniter\CodeIgniter))
 6 FCPATH/index.php(56): CodeIgniter\Boot::bootWeb(Object(Config\Paths))
